{"contracts/NextiaToken.sol":{"l":{"18":33,"23":10,"27":4,"31":5,"35":4,"44":62,"45":62},"path":"/home/jorgesensei33/proyectos/nextia/trading/token/contracts/NextiaToken.sol","s":{"1":33,"2":10,"3":4,"4":5,"5":4,"6":62},"b":{"1":[10,2],"2":[4,2],"3":[5,2],"4":[4,1]},"f":{"1":33,"2":10,"3":4,"4":5,"5":4,"6":62},"fnMap":{"1":{"name":"constructor","line":16,"loc":{"start":{"line":14,"column":4},"end":{"line":19,"column":4}}},"2":{"name":"pause","line":22,"loc":{"start":{"line":22,"column":4},"end":{"line":24,"column":4}}},"3":{"name":"unpause","line":26,"loc":{"start":{"line":26,"column":4},"end":{"line":28,"column":4}}},"4":{"name":"mint","line":30,"loc":{"start":{"line":30,"column":4},"end":{"line":32,"column":4}}},"5":{"name":"approve","line":34,"loc":{"start":{"line":34,"column":4},"end":{"line":36,"column":0}}},"6":{"name":"_update","line":39,"loc":{"start":{"line":39,"column":4},"end":{"line":47,"column":4}}}},"statementMap":{"1":{"start":{"line":18,"column":8},"end":{"line":18,"column":41}},"2":{"start":{"line":23,"column":8},"end":{"line":23,"column":15}},"3":{"start":{"line":27,"column":8},"end":{"line":27,"column":17}},"4":{"start":{"line":31,"column":8},"end":{"line":31,"column":24}},"5":{"start":{"line":35,"column":4},"end":{"line":35,"column":41}},"6":{"start":{"line":45,"column":12},"end":{"line":45,"column":41}}},"branchMap":{"1":{"line":22,"type":"if","locations":[{"start":{"line":22,"column":30},"end":{"line":22,"column":30}},{"start":{"line":22,"column":30},"end":{"line":22,"column":30}}]},"2":{"line":26,"type":"if","locations":[{"start":{"line":26,"column":32},"end":{"line":26,"column":32}},{"start":{"line":26,"column":32},"end":{"line":26,"column":32}}]},"3":{"line":30,"type":"if","locations":[{"start":{"line":30,"column":55},"end":{"line":30,"column":55}},{"start":{"line":30,"column":55},"end":{"line":30,"column":55}}]},"4":{"line":34,"type":"if","locations":[{"start":{"line":34,"column":70},"end":{"line":34,"column":70}},{"start":{"line":34,"column":70},"end":{"line":34,"column":70}}]}}}}